<?xml version="1.0" encoding="UTF-8"?>
<!-- Generated by org.testng.reporters.JUnitReportReporter -->
<testsuite skipped="0" hostname="admin-PC" name="com.Qa.Xyphias.PageObjectModel.LoginPageTest" tests="3" failures="0" timestamp="05 Dec 2019 19:13:26 GMT" time="14.857" errors="0">
  <testcase name="VerifyLoginPageTestTitle" time="0.118" classname="com.Qa.Xyphias.PageObjectModel.LoginPageTest"/>
  <testcase name="VerifyLoginPageToHomePageTest" time="13.273" classname="com.Qa.Xyphias.PageObjectModel.LoginPageTest"/>
  <testcase name="VerifyLoginPageTestLogo" time="1.466" classname="com.Qa.Xyphias.PageObjectModel.LoginPageTest"/>
</testsuite> <!-- com.Qa.Xyphias.PageObjectModel.LoginPageTest -->
