<?xml version="1.0" encoding="UTF-8"?>
<!-- Generated by org.testng.reporters.JUnitReportReporter -->
<testsuite skipped="0" hostname="admin-PC" name="com.Qa.Xyphias.PageObjectModel.HomePageTest" tests="2" failures="0" timestamp="06 Dec 2019 09:21:43 GMT" time="0.512" errors="0">
  <testcase name="VerifyHomePageToContactsPageLinkTest" time="0.270" classname="com.Qa.Xyphias.PageObjectModel.HomePageTest"/>
  <testcase name="VerifyHomePageLogoTest" time="0.242" classname="com.Qa.Xyphias.PageObjectModel.HomePageTest"/>
</testsuite> <!-- com.Qa.Xyphias.PageObjectModel.HomePageTest -->
